<?xml version="1.0" encoding="UTF-8"?>
<testsuite xmlns:xsi="http://www.w3.org/2001/XMLSchema-instance" xsi:noNamespaceSchemaLocation="https://maven.apache.org/surefire/maven-surefire-plugin/xsd/surefire-test-report.xsd" version="3.0.2" name="aplicacion.web.spring.boot.AppApplicationTests" time="8.527" tests="1" errors="0" skipped="0" failures="0" flakes="0">
  <properties>
[...]
</properties>
  <testcase name="contextLoads" classname="aplicacion.web.spring.boot.AppApplicationTests" time="2.151">
    <system-out><![CDATA[11:58:55.770 [main] INFO org.springframework.test.context.support.AnnotationConfigContextLoaderUtils -- Could not detect default configuration classes for test class [aplicacion.web.spring.boot.AppApplicationTests]: AppApplicationTests does not declare any static, non-private, non-final, nested classes annotated with @Configuration.
11:58:56.136 [main] INFO org.springframework.boot.test.context.SpringBootTestContextBootstrapper -- Found @SpringBootConfiguration aplicacion.web.spring.boot.AppApplication for test class aplicacion.web.spring.boot.AppApplicationTests
11:58:56.462 [main] INFO org.springframework.test.context.support.AnnotationConfigContextLoaderUtils -- Could not detect default configuration classes for test class [aplicacion.web.spring.boot.AppApplicationTests]: AppApplicationTests does not declare any static, non-private, non-final, nested classes annotated with @Configuration.
11:58:56.468 [main] INFO org.springframework.boot.test.context.SpringBootTestContextBootstrapper -- Found @SpringBootConfiguration aplicacion.web.spring.boot.AppApplication for test class aplicacion.web.spring.boot.AppApplicationTests
11:58:56.738 [main] INFO org.springframework.boot.devtools.restart.RestartApplicationListener -- Restart disabled due to context in which it is running

  .   ____          _            __ _ _
 /\\ / ___'_ __ _ _(_)_ __  __ _ \ \ \ \
( ( )\___ | '_ | '_| | '_ \/ _` | \ \ \ \
 \\/  ___)| |_)| | | | | || (_| |  ) ) ) )
  '  |____| .__|_| |_|_| |_\__, | / / / /
 =========|_|==============|___/=/_/_/_/

 :: Spring Boot ::                (v4.1.0)

2026-07-02T11:58:57.860-05:00  INFO 2860 --- [app] [           main] a.web.spring.boot.AppApplicationTests    : Starting AppApplicationTests using Java 26.0.1 with PID 2860 (started by USER_01 in C:\Users\USER_01\Documents\proyecto_java\app)
2026-07-02T11:58:57.869-05:00  INFO 2860 --- [app] [           main] a.web.spring.boot.AppApplicationTests    : No active profile set, falling back to 1 default profile: "default"
2026-07-02T11:59:01.351-05:00  INFO 2860 --- [app] [           main] a.web.spring.boot.AppApplicationTests    : Started AppApplicationTests in 4.653 seconds (process running for 8.397)
]]></system-out>
    <system-err><![CDATA[Mockito is currently self-attaching to enable the inline-mock-maker. This will no longer work in future releases of the JDK. Please add Mockito as an agent to your build as described in Mockito's documentation: https://javadoc.io/doc/org.mockito/mockito-core/latest/org.mockito/org/mockito/Mockito.html#0.3
WARNING: A Java agent has been loaded dynamically (C:\Users\USER_01\.m2\repository\net\bytebuddy\byte-buddy-agent\1.18.10\byte-buddy-agent-1.18.10.jar)
WARNING: If a serviceability tool is in use, please run with -XX:+EnableDynamicAgentLoading to hide this warning
WARNING: If a serviceability tool is not in use, please run with -Djdk.instrument.traceUsage for more information
WARNING: Dynamic loading of agents will be disallowed by default in a future release
]]></system-err>
  </testcase>
</testsuite>